[2024-09-07 14:53:49,554] 29 src.logger.my_logging - INFO - Data Ingestion Started
[2024-09-07 14:53:49,554] 30 src.logger.my_logging - INFO - Data Ingestion Started
[2024-09-07 14:53:49,666] 33 src.logger.my_logging - INFO - Reading a DataFrame
[2024-09-07 14:53:50,319] 40 src.logger.my_logging - INFO - Performing train_test_split
[2024-09-07 14:53:50,342] 42 src.logger.my_logging - INFO - Data splitting completed
[2024-09-07 14:53:51,041] 47 src.logger.my_logging - INFO - Data Ingestion Completed
[2024-09-07 14:53:51,169] 95 src.logger.my_logging - INFO - Reading train and test data complete
[2024-09-07 14:53:51,172] 96 src.logger.my_logging - INFO - Train Dataframe head :
       id  carat        cut color clarity  depth  table     x     y     z  price
0    9043   1.12  Very Good     D     SI2   61.3   59.0  6.65  6.70  4.08   5880
1  109515   1.06      Ideal     E     VS1   61.7   57.0  6.53  6.55  4.04   7762
2  157890   0.32    Premium     F     VS2   60.6   59.0  4.38  4.40  2.66    828


[2024-09-07 14:53:51,174] 97 src.logger.my_logging - INFO - Test Dataframe head :
       id  carat      cut color clarity  depth  table     x     y     z  price
0   37195   1.01     Fair     H     SI2   66.5   60.0  6.27  6.18  4.09   3246
1  158046   1.01  Premium     F     SI1   62.5   59.0  6.40  6.45  4.02   6048
2   22987   0.53    Ideal     F     SI2   61.1   57.0  5.24  5.21  3.20   1116


[2024-09-07 14:53:51,174] 31 src.logger.my_logging - INFO - Stating Data Transformation
[2024-09-07 14:53:51,174] 49 src.logger.my_logging - INFO - Pipeline Initiated
[2024-09-07 14:53:51,407] 117 src.logger.my_logging - INFO - Applying preprocessor object on training and testing datasets
[2024-09-07 14:53:51,415] 131 src.logger.my_logging - INFO - preprocessing pickle file saved


[2024-09-07 14:53:51,418] 29 src.logger.my_logging - INFO - Splitting dependent and independent variables
[2024-09-07 14:53:51,891] 49 src.logger.my_logging - INFO - Model Report: {'LinearRegression': 0.9371649202871348, 'Lasso': 0.9371437606436268, 'Ridge': 0.9371665308083181, 'Elasticnet': 0.8558527363546031}
[2024-09-07 14:53:51,891] 65 src.logger.my_logging - INFO - Best Model Found , Model Name : Ridge , R2 Score : 0.9371665308083181
