[2024-09-10 22:07:13,815] 20 src.logger.my_logging - INFO - evaluation started !!!
[2024-09-10 22:07:13,815] 29 src.logger.my_logging - INFO - Data Ingestion Started
[2024-09-10 22:07:13,815] 30 src.logger.my_logging - INFO - Data Ingestion Started
[2024-09-10 22:07:13,932] 33 src.logger.my_logging - INFO - Reading a DataFrame
[2024-09-10 22:07:14,599] 40 src.logger.my_logging - INFO - Performing train_test_split
[2024-09-10 22:07:14,620] 42 src.logger.my_logging - INFO - Data splitting completed
[2024-09-10 22:07:15,287] 47 src.logger.my_logging - INFO - Data Ingestion Completed
[2024-09-10 22:07:15,405] 95 src.logger.my_logging - INFO - Reading train and test data complete
[2024-09-10 22:07:15,408] 96 src.logger.my_logging - INFO - Train Dataframe head :
       id  carat      cut color clarity  depth  table     x     y     z  price
0  128989   0.53     Good     E     SI1   61.9   61.0  5.16  5.24  3.22   1395
1   21810   2.03  Premium     D     SI1   61.6   59.0  8.14  8.10  5.01  17826
2  192596   0.31    Ideal     G     VS2   61.6   57.0  4.30  4.34  2.66    544


[2024-09-10 22:07:15,410] 97 src.logger.my_logging - INFO - Test Dataframe head :
       id  carat    cut color clarity  depth  table     x     y     z  price
0  140375   0.51  Ideal     E     VS2   61.6   55.0  5.12  5.14  3.16   1619
1   14495   0.72  Ideal     I    VVS2   60.3   56.0  5.86  5.91  3.52   3668
2  173669   1.07  Ideal     H     VS2   62.1   58.0  6.55  6.51  4.05   5636


[2024-09-10 22:07:15,410] 31 src.logger.my_logging - INFO - Stating Data Transformation
[2024-09-10 22:07:15,410] 49 src.logger.my_logging - INFO - Pipeline Initiated
[2024-09-10 22:07:15,668] 117 src.logger.my_logging - INFO - Applying preprocessor object on training and testing datasets
[2024-09-10 22:07:15,676] 131 src.logger.my_logging - INFO - preprocessing pickle file saved


[2024-09-10 22:07:15,680] 29 src.logger.my_logging - INFO - Splitting dependent and independent variables
[2024-09-10 22:07:16,887] 49 src.logger.my_logging - INFO - Model Report: {'LinearRegression': 0.9358434906896114, 'Lasso': 0.9360100850680918, 'Ridge': 0.9358432441413735, 'Elasticnet': 0.8536304362570221}
[2024-09-10 22:07:16,887] 65 src.logger.my_logging - INFO - Best Model Found , Model Name : Lasso , R2 Score : 0.9360100850680918
[2024-09-10 22:07:16,973] 26 src.logger.my_logging - INFO - evaluation metrics captured
[2024-09-10 22:07:16,987] 66 src.logger.my_logging - ERROR - Error occured in initiate_model_evaluation method
