[2024-09-10 23:11:04,776] 20 src.logger.my_logging - INFO - evaluation started !!!
[2024-09-10 23:11:04,776] 29 src.logger.my_logging - INFO - Data Ingestion Started
[2024-09-10 23:11:04,776] 30 src.logger.my_logging - INFO - Data Ingestion Started
[2024-09-10 23:11:04,936] 33 src.logger.my_logging - INFO - Reading a DataFrame
[2024-09-10 23:11:05,904] 40 src.logger.my_logging - INFO - Performing train_test_split
[2024-09-10 23:11:05,928] 42 src.logger.my_logging - INFO - Data splitting completed
[2024-09-10 23:11:06,914] 47 src.logger.my_logging - INFO - Data Ingestion Completed
[2024-09-10 23:11:07,074] 95 src.logger.my_logging - INFO - Reading train and test data complete
[2024-09-10 23:11:07,089] 96 src.logger.my_logging - INFO - Train Dataframe head :
       id  carat    cut color clarity  depth  table     x     y     z  price
0  150582   0.33  Ideal     E     VS1   61.5   56.0  4.47  4.46  2.74    739
1   76805   0.41  Ideal     E     SI2   61.0   57.0  4.81  4.86  2.95    705
2   82536   0.34  Ideal     H     VS2   62.2   55.0  4.54  4.49  2.81    689


[2024-09-10 23:11:07,092] 97 src.logger.my_logging - INFO - Test Dataframe head :
       id  carat      cut color clarity  depth  table     x     y     z  price
0   80464   1.50     Good     E     VS2   61.1   59.0  7.28  7.34  4.48  14256
1   32915   0.41    Ideal     J     VS1   62.6   56.0  4.72  4.76  2.97    697
2  180353   2.01  Premium     H     SI1   62.6   59.0  8.04  8.00  5.02  17920


[2024-09-10 23:11:07,092] 31 src.logger.my_logging - INFO - Stating Data Transformation
[2024-09-10 23:11:07,092] 49 src.logger.my_logging - INFO - Pipeline Initiated
[2024-09-10 23:11:07,412] 117 src.logger.my_logging - INFO - Applying preprocessor object on training and testing datasets
[2024-09-10 23:11:07,420] 131 src.logger.my_logging - INFO - preprocessing pickle file saved


[2024-09-10 23:11:07,425] 29 src.logger.my_logging - INFO - Splitting dependent and independent variables
[2024-09-10 23:11:07,975] 49 src.logger.my_logging - INFO - Model Report: {'LinearRegression': 0.9365273690529858, 'Lasso': 0.9365166619345378, 'Ridge': 0.9365273448167651, 'Elasticnet': 0.8550879575772807}
[2024-09-10 23:11:07,975] 65 src.logger.my_logging - INFO - Best Model Found , Model Name : LinearRegression , R2 Score : 0.9365273690529858
[2024-09-10 23:11:08,085] 26 src.logger.my_logging - INFO - evaluation metrics captured
[2024-09-10 23:11:08,090] 66 src.logger.my_logging - ERROR - Error occured in initiate_model_evaluation method
