[2024-09-11 00:13:44,713] 20 src.logger.my_logging - INFO - evaluation started !!!
[2024-09-11 00:13:44,713] 29 src.logger.my_logging - INFO - Data Ingestion Started
[2024-09-11 00:13:44,714] 30 src.logger.my_logging - INFO - Data Ingestion Started
[2024-09-11 00:13:44,874] 33 src.logger.my_logging - INFO - Reading a DataFrame
[2024-09-11 00:13:45,833] 40 src.logger.my_logging - INFO - Performing train_test_split
[2024-09-11 00:13:45,856] 42 src.logger.my_logging - INFO - Data splitting completed
[2024-09-11 00:13:46,822] 47 src.logger.my_logging - INFO - Data Ingestion Completed
[2024-09-11 00:13:46,986] 95 src.logger.my_logging - INFO - Reading train and test data complete
[2024-09-11 00:13:46,990] 96 src.logger.my_logging - INFO - Train Dataframe head :
       id  carat    cut color clarity  depth  table     x     y     z  price
0  114181   0.31  Ideal     E    VVS2   61.6   57.0  4.37  4.35  2.68    863
1  176059   0.59  Ideal     F     VS1   62.6   55.0  5.34  5.37  3.37   1964
2  132490   0.50   Fair     D     SI1   64.9   53.0  5.02  4.89  3.16   1305


[2024-09-11 00:13:46,993] 97 src.logger.my_logging - INFO - Test Dataframe head :
       id  carat        cut color clarity  depth  table     x     y     z  price
0   23298   1.51  Very Good     J     VS1   62.6   59.0  7.28  7.32  4.57   8794
1    8074   0.58      Ideal     F     VS1   61.9   56.0  5.38  5.32  3.32   1937
2  156412   0.76    Premium     F     SI1   62.5   58.0  5.82  5.86  3.65   2631


[2024-09-11 00:13:46,993] 31 src.logger.my_logging - INFO - Stating Data Transformation
[2024-09-11 00:13:46,993] 49 src.logger.my_logging - INFO - Pipeline Initiated
[2024-09-11 00:13:47,327] 117 src.logger.my_logging - INFO - Applying preprocessor object on training and testing datasets
[2024-09-11 00:13:47,336] 131 src.logger.my_logging - INFO - preprocessing pickle file saved


[2024-09-11 00:13:47,341] 29 src.logger.my_logging - INFO - Splitting dependent and independent variables
[2024-09-11 00:13:47,800] 49 src.logger.my_logging - INFO - Model Report: {'LinearRegression': 0.9364346402291629, 'Lasso': 0.9364505305948968, 'Ridge': 0.9364349415447758, 'Elasticnet': 0.8565261592903803}
[2024-09-11 00:13:47,801] 65 src.logger.my_logging - INFO - Best Model Found , Model Name : Lasso , R2 Score : 0.9364505305948968
[2024-09-11 00:13:47,892] 26 src.logger.my_logging - INFO - evaluation metrics captured
[2024-09-11 00:13:47,900] 62 src.logger.my_logging - ERROR - Error occured in initiate_model_evaluation method
