[2024-09-11 00:18:48,915] 20 src.logger.my_logging - INFO - evaluation started !!!
[2024-09-11 00:18:48,915] 29 src.logger.my_logging - INFO - Data Ingestion Started
[2024-09-11 00:18:48,915] 30 src.logger.my_logging - INFO - Data Ingestion Started
[2024-09-11 00:18:49,077] 33 src.logger.my_logging - INFO - Reading a DataFrame
[2024-09-11 00:18:50,089] 40 src.logger.my_logging - INFO - Performing train_test_split
[2024-09-11 00:18:50,117] 42 src.logger.my_logging - INFO - Data splitting completed
[2024-09-11 00:18:51,097] 47 src.logger.my_logging - INFO - Data Ingestion Completed
[2024-09-11 00:18:51,260] 95 src.logger.my_logging - INFO - Reading train and test data complete
[2024-09-11 00:18:51,264] 96 src.logger.my_logging - INFO - Train Dataframe head :
       id  carat      cut color clarity  depth  table     x     y     z  price
0  180884   0.32  Premium     H     VS1   61.6   60.0  4.37  4.41  2.70    561
1  153038   0.34    Ideal     G    VVS2   61.0   56.0  4.55  4.58  2.78    751
2   45688   0.27    Ideal     H     VS1   62.0   54.0  4.15  4.18  2.58    451


[2024-09-11 00:18:51,267] 97 src.logger.my_logging - INFO - Test Dataframe head :
       id  carat      cut color clarity  depth  table     x     y     z  price
0  116883   1.01     Good     H     VS2   64.0   59.0  6.36  6.31  4.04   4477
1  171437   0.44  Premium     G     VS1   60.8   58.0  4.89  4.91  2.98   1001
2  177983   1.70  Premium     G     VS2   60.9   60.0  7.65  7.68  4.67  15544


[2024-09-11 00:18:51,268] 31 src.logger.my_logging - INFO - Stating Data Transformation
[2024-09-11 00:18:51,268] 49 src.logger.my_logging - INFO - Pipeline Initiated
[2024-09-11 00:18:51,609] 117 src.logger.my_logging - INFO - Applying preprocessor object on training and testing datasets
[2024-09-11 00:18:51,618] 131 src.logger.my_logging - INFO - preprocessing pickle file saved


[2024-09-11 00:18:51,622] 29 src.logger.my_logging - INFO - Splitting dependent and independent variables
[2024-09-11 00:18:52,808] 49 src.logger.my_logging - INFO - Model Report: {'LinearRegression': 0.9359612666969588, 'Lasso': 0.9359805722140147, 'Ridge': 0.9359613511032577, 'Elasticnet': 0.8543592469310688}
[2024-09-11 00:18:52,808] 65 src.logger.my_logging - INFO - Best Model Found , Model Name : Lasso , R2 Score : 0.9359805722140147
[2024-09-11 00:18:52,971] 26 src.logger.my_logging - INFO - evaluation metrics captured
